<?xml version="1.0" encoding="UTF-8"?>
<testsuite name="org.example.calculator.CalculatorTest" tests="4" skipped="0" failures="0" errors="0" timestamp="2018-09-22T03:19:43" hostname="Neos-MacBook-Air.local" time="0.01">
  <properties/>
  <testcase name="subtract returns the correct result" classname="org.example.calculator.CalculatorTest" time="0.009"/>
  <testcase name="multiply returns the correct result" classname="org.example.calculator.CalculatorTest" time="0.007"/>
  <testcase name="divide returns the correct result" classname="org.example.calculator.CalculatorTest" time="0.009"/>
  <testcase name="add returns the correct result" classname="org.example.calculator.CalculatorTest" time="0.015"/>
  <system-out><![CDATA[]]></system-out>
  <system-err><![CDATA[]]></system-err>
</testsuite>
